# JRE version: OpenJDK Runtime Environment 18.9 (11.0.11+9) (build 11.0.11+9)
# Java VM: OpenJDK 64-Bit Server VM 18.9 (11.0.11+9, mixed mode, tiered, compressed oops, g1 gc, windows-amd64)
Heap:
 garbage-first heap   total 262144K, used 98591K [0x0000000740000000, 0x0000000800000000)
  region size 1024K, 35 young (35840K), 2 survivors (2048K)
 Metaspace       used 60818K, capacity 62124K, committed 62316K, reserved 1103872K
  class space    used 7499K, capacity 8067K, committed 8192K, reserved 1048576K
GC Heap History (20 events):
Event: 13.119 GC heap before
{Heap before GC invocations=1 (full 0):
 garbage-first heap   total 262144K, used 70915K [0x0000000740000000, 0x0000000800000000)
  region size 1024K, 60 young (61440K), 8 survivors (8192K)
 Metaspace       used 20609K, capacity 21110K, committed 21248K, reserved 1069056K
  class space    used 1799K, capacity 2039K, committed 2048K, reserved 1048576K
}
Event: 13.129 GC heap after
{Heap after GC invocations=2 (full 0):
 garbage-first heap   total 262144K, used 21250K [0x0000000740000000, 0x0000000800000000)
  region size 1024K, 4 young (4096K), 4 survivors (4096K)
 Metaspace       used 20609K, capacity 21110K, committed 21248K, reserved 1069056K
  class space    used 1799K, capacity 2039K, committed 2048K, reserved 1048576K
}
Event: 13.165 GC heap before
{Heap before GC invocations=2 (full 0):
 garbage-first heap   total 262144K, used 25346K [0x0000000740000000, 0x0000000800000000)
  region size 1024K, 9 young (9216K), 4 survivors (4096K)
 Metaspace       used 20615K, capacity 21174K, committed 21248K, reserved 1069056K
  class space    used 1800K, capacity 2039K, committed 2048K, reserved 1048576K
}
Event: 13.167 GC heap after
{Heap after GC invocations=3 (full 0):
 garbage-first heap   total 262144K, used 21282K [0x0000000740000000, 0x0000000800000000)
  region size 1024K, 4 young (4096K), 4 survivors (4096K)
 Metaspace       used 20615K, capacity 21174K, committed 21248K, reserved 1069056K
  class space    used 1800K, capacity 2039K, committed 2048K, reserved 1048576K
}
Event: 15.374 GC heap before
{Heap before GC invocations=4 (full 0):
 garbage-first heap   total 262144K, used 81698K [0x0000000740000000, 0x0000000800000000)
  region size 1024K, 60 young (61440K), 4 survivors (4096K)
 Metaspace       used 32155K, capacity 32784K, committed 33024K, reserved 1079296K
  class space    used 3225K, capacity 3472K, committed 3584K, reserved 1048576K
}
Event: 15.389 GC heap after
{Heap after GC invocations=5 (full 0):
 garbage-first heap   total 262144K, used 31121K [0x0000000740000000, 0x0000000800000000)
  region size 1024K, 8 young (8192K), 8 survivors (8192K)
 Metaspace       used 32155K, capacity 32784K, committed 33024K, reserved 1079296K
  class space    used 3225K, capacity 3472K, committed 3584K, reserved 1048576K
}
Event: 15.546 GC heap before
{Heap before GC invocations=5 (full 0):
 garbage-first heap   total 262144K, used 84369K [0x0000000740000000, 0x0000000800000000)
  region size 1024K, 60 young (61440K), 8 survivors (8192K)
 Metaspace       used 32253K, capacity 32945K, committed 33280K, reserved 1079296K
  class space    used 3233K, capacity 3504K, committed 3584K, reserved 1048576K
}
Event: 15.549 GC heap after
{Heap after GC invocations=6 (full 0):
 garbage-first heap   total 262144K, used 30354K [0x0000000740000000, 0x0000000800000000)
  region size 1024K, 2 young (2048K), 2 survivors (2048K)
 Metaspace       used 32253K, capacity 32945K, committed 33280K, reserved 1079296K
  class space    used 3233K, capacity 3504K, committed 3584K, reserved 1048576K
}
Event: 15.850 GC heap before
{Heap before GC invocations=6 (full 0):
 garbage-first heap   total 262144K, used 61074K [0x0000000740000000, 0x0000000800000000)
  region size 1024K, 33 young (33792K), 2 survivors (2048K)
 Metaspace       used 34785K, capacity 35427K, committed 35628K, reserved 1081344K
  class space    used 3593K, capacity 3859K, committed 3968K, reserved 1048576K
}
Event: 15.852 GC heap after
{Heap after GC invocations=7 (full 0):
 garbage-first heap   total 262144K, used 30439K [0x0000000740000000, 0x0000000800000000)
  region size 1024K, 2 young (2048K), 2 survivors (2048K)
 Metaspace       used 34785K, capacity 35427K, committed 35628K, reserved 1081344K
  class space    used 3593K, capacity 3859K, committed 3968K, reserved 1048576K
}
Event: 22.783 GC heap before
{Heap before GC invocations=8 (full 0):
 garbage-first heap   total 262144K, used 89831K [0x0000000740000000, 0x0000000800000000)
  region size 1024K, 60 young (61440K), 2 survivors (2048K)
 Metaspace       used 45721K, capacity 46604K, committed 46892K, reserved 1091584K
  class space    used 5083K, capacity 5434K, committed 5504K, reserved 1048576K
}
Event: 22.786 GC heap after
{Heap after GC invocations=9 (full 0):
 garbage-first heap   total 262144K, used 36544K [0x0000000740000000, 0x0000000800000000)
  region size 1024K, 8 young (8192K), 8 survivors (8192K)
 Metaspace       used 45721K, capacity 46604K, committed 46892K, reserved 1091584K
  class space    used 5083K, capacity 5434K, committed 5504K, reserved 1048576K
}
Event: 23.901 GC heap before
{Heap before GC invocations=9 (full 0):
 garbage-first heap   total 262144K, used 88768K [0x0000000740000000, 0x0000000800000000)
  region size 1024K, 60 young (61440K), 8 survivors (8192K)
 Metaspace       used 49951K, capacity 50961K, committed 51116K, reserved 1093632K
  class space    used 5679K, capacity 6100K, committed 6144K, reserved 1048576K
}
Event: 23.906 GC heap after
{Heap after GC invocations=10 (full 0):
 garbage-first heap   total 262144K, used 43939K [0x0000000740000000, 0x0000000800000000)
  region size 1024K, 8 young (8192K), 8 survivors (8192K)
 Metaspace       used 49951K, capacity 50961K, committed 51116K, reserved 1093632K
  class space    used 5679K, capacity 6100K, committed 6144K, reserved 1048576K
}
Event: 24.423 GC heap before
{Heap before GC invocations=10 (full 0):
 garbage-first heap   total 262144K, used 97187K [0x0000000740000000, 0x0000000800000000)
  region size 1024K, 60 young (61440K), 8 survivors (8192K)
 Metaspace       used 51934K, capacity 52886K, committed 53164K, reserved 1095680K
  class space    used 5907K, capacity 6326K, committed 6400K, reserved 1048576K
}
Event: 24.444 GC heap after
{Heap after GC invocations=11 (full 0):
 garbage-first heap   total 262144K, used 45208K [0x0000000740000000, 0x0000000800000000)
  region size 1024K, 5 young (5120K), 5 survivors (5120K)
 Metaspace       used 51934K, capacity 52886K, committed 53164K, reserved 1095680K
  class space    used 5907K, capacity 6326K, committed 6400K, reserved 1048576K
}
Event: 26.371 GC heap before
{Heap before GC invocations=11 (full 0):
 garbage-first heap   total 262144K, used 100504K [0x0000000740000000, 0x0000000800000000)
  region size 1024K, 60 young (61440K), 5 survivors (5120K)
 Metaspace       used 58471K, capacity 59525K, committed 59808K, reserved 1101824K
  class space    used 7135K, capacity 7599K, committed 7680K, reserved 1048576K
}
Event: 26.395 GC heap after
{Heap after GC invocations=12 (full 0):
 garbage-first heap   total 262144K, used 53180K [0x0000000740000000, 0x0000000800000000)
  region size 1024K, 8 young (8192K), 8 survivors (8192K)
 Metaspace       used 58471K, capacity 59525K, committed 59808K, reserved 1101824K
  class space    used 7135K, capacity 7599K, committed 7680K, reserved 1048576K
}
Event: 26.401 GC heap before
{Heap before GC invocations=12 (full 0):
 garbage-first heap   total 262144K, used 54204K [0x0000000740000000, 0x0000000800000000)
  region size 1024K, 10 young (10240K), 8 survivors (8192K)
 Metaspace       used 58631K, capacity 59761K, committed 59808K, reserved 1101824K
  class space    used 7176K, capacity 7680K, committed 7680K, reserved 1048576K
}
Event: 26.405 GC heap after
{Heap after GC invocations=13 (full 0):
 garbage-first heap   total 262144K, used 54559K [0x0000000740000000, 0x0000000800000000)
  region size 1024K, 2 young (2048K), 2 survivors (2048K)
 Metaspace       used 58631K, capacity 59761K, committed 59808K, reserved 1101824K
  class space    used 7176K, capacity 7680K, committed 7680K, reserved 1048576K
}

